  main.cpp
D:\大三上\密码技术竞赛\zkp\zkp\SM2.h(1,1): warning C4819: 该文件包含不能在当前代码页(936)中表示的字符。请将该文件保存为 Unicode 格式以防止数据丢失
D:\大三上\密码技术竞赛\zkp\zkp\SM2_Param.h(10,33): warning C4838: 从“int”转换到“char”需要收缩转换
D:\大三上\密码技术竞赛\zkp\zkp\SM2_Param.h(10,33): warning C4309: “初始化”: 截断常量值
D:\大三上\密码技术竞赛\zkp\zkp\SM2_Param.h(10,43): warning C4838: 从“int”转换到“char”需要收缩转换
D:\大三上\密码技术竞赛\zkp\zkp\SM2_Param.h(10,43): warning C4309: “初始化”: 截断常量值
D:\大三上\密码技术竞赛\zkp\zkp\SM2_Param.h(10,48): warning C4838: 从“int”转换到“char”需要收缩转换
D:\大三上\密码技术竞赛\zkp\zkp\SM2_Param.h(10,48): warning C4309: “初始化”: 截断常量值
D:\大三上\密码技术竞赛\zkp\zkp\SM2_Param.h(11,12): warning C4838: 从“int”转换到“char”需要收缩转换
D:\大三上\密码技术竞赛\zkp\zkp\SM2_Param.h(11,12): warning C4309: “初始化”: 截断常量值
D:\大三上\密码技术竞赛\zkp\zkp\SM2_Param.h(11,17): warning C4838: 从“int”转换到“char”需要收缩转换
D:\大三上\密码技术竞赛\zkp\zkp\SM2_Param.h(11,17): warning C4309: “初始化”: 截断常量值
D:\大三上\密码技术竞赛\zkp\zkp\SM2_Param.h(11,32): warning C4838: 从“int”转换到“char”需要收缩转换
D:\大三上\密码技术竞赛\zkp\zkp\SM2_Param.h(11,32): warning C4309: “初始化”: 截断常量值
D:\大三上\密码技术竞赛\zkp\zkp\SM2_Param.h(11,42): warning C4838: 从“int”转换到“char”需要收缩转换
D:\大三上\密码技术竞赛\zkp\zkp\SM2_Param.h(11,42): warning C4309: “初始化”: 截断常量值
D:\大三上\密码技术竞赛\zkp\zkp\SM2_Param.h(11,47): warning C4838: 从“int”转换到“char”需要收缩转换
D:\大三上\密码技术竞赛\zkp\zkp\SM2_Param.h(11,47): warning C4309: “初始化”: 截断常量值
D:\大三上\密码技术竞赛\zkp\zkp\SM2_Param.h(12,22): warning C4838: 从“int”转换到“char”需要收缩转换
D:\大三上\密码技术竞赛\zkp\zkp\SM2_Param.h(12,22): warning C4309: “初始化”: 截断常量值
D:\大三上\密码技术竞赛\zkp\zkp\SM2_Param.h(12,27): warning C4838: 从“int”转换到“char”需要收缩转换
D:\大三上\密码技术竞赛\zkp\zkp\SM2_Param.h(12,27): warning C4309: “初始化”: 截断常量值
D:\大三上\密码技术竞赛\zkp\zkp\SM2_Param.h(13,22): warning C4838: 从“int”转换到“char”需要收缩转换
D:\大三上\密码技术竞赛\zkp\zkp\SM2_Param.h(13,22): warning C4309: “初始化”: 截断常量值
D:\大三上\密码技术竞赛\zkp\zkp\SM2_Param.h(13,27): warning C4838: 从“int”转换到“char”需要收缩转换
D:\大三上\密码技术竞赛\zkp\zkp\SM2_Param.h(13,27): warning C4309: “初始化”: 截断常量值
D:\大三上\密码技术竞赛\zkp\zkp\SM2_Param.h(13,37): warning C4838: 从“int”转换到“char”需要收缩转换
D:\大三上\密码技术竞赛\zkp\zkp\SM2_Param.h(13,37): warning C4309: “初始化”: 截断常量值
D:\大三上\密码技术竞赛\zkp\zkp\SM2_Param.h(13,42): warning C4838: 从“int”转换到“char”需要收缩转换
D:\大三上\密码技术竞赛\zkp\zkp\SM2_Param.h(13,42): warning C4309: “初始化”: 截断常量值
D:\大三上\密码技术竞赛\zkp\zkp\SM2_Param.h(13,47): warning C4838: 从“int”转换到“char”需要收缩转换
D:\大三上\密码技术竞赛\zkp\zkp\SM2_Param.h(13,47): warning C4309: “初始化”: 截断常量值
D:\大三上\密码技术竞赛\zkp\zkp\SM2_Param.h(14,45): warning C4838: 从“int”转换到“char”需要收缩转换
D:\大三上\密码技术竞赛\zkp\zkp\SM2_Param.h(14,45): warning C4309: “初始化”: 截断常量值
D:\大三上\密码技术竞赛\zkp\zkp\SM2_Param.h(14,50): warning C4838: 从“int”转换到“char”需要收缩转换
D:\大三上\密码技术竞赛\zkp\zkp\SM2_Param.h(14,50): warning C4309: “初始化”: 截断常量值
D:\大三上\密码技术竞赛\zkp\zkp\SM2_Param.h(14,60): warning C4838: 从“int”转换到“char”需要收缩转换
D:\大三上\密码技术竞赛\zkp\zkp\SM2_Param.h(14,60): warning C4309: “初始化”: 截断常量值
D:\大三上\密码技术竞赛\zkp\zkp\SM2_Param.h(14,65): warning C4838: 从“int”转换到“char”需要收缩转换
D:\大三上\密码技术竞赛\zkp\zkp\SM2_Param.h(14,65): warning C4309: “初始化”: 截断常量值
D:\大三上\密码技术竞赛\zkp\zkp\SM2_Param.h(15,19): warning C4838: 从“int”转换到“char”需要收缩转换
D:\大三上\密码技术竞赛\zkp\zkp\SM2_Param.h(15,19): warning C4309: “初始化”: 截断常量值
D:\大三上\密码技术竞赛\zkp\zkp\SM2_Param.h(15,34): warning C4838: 从“int”转换到“char”需要收缩转换
D:\大三上\密码技术竞赛\zkp\zkp\SM2_Param.h(15,34): warning C4309: “初始化”: 截断常量值
D:\大三上\密码技术竞赛\zkp\zkp\SM2_Param.h(15,39): warning C4838: 从“int”转换到“char”需要收缩转换
D:\大三上\密码技术竞赛\zkp\zkp\SM2_Param.h(15,39): warning C4309: “初始化”: 截断常量值
D:\大三上\密码技术竞赛\zkp\zkp\SM2_Param.h(15,44): warning C4838: 从“int”转换到“char”需要收缩转换
D:\大三上\密码技术竞赛\zkp\zkp\SM2_Param.h(15,44): warning C4309: “初始化”: 截断常量值
D:\大三上\密码技术竞赛\zkp\zkp\SM2_Param.h(16,19): warning C4838: 从“int”转换到“char”需要收缩转换
D:\大三上\密码技术竞赛\zkp\zkp\SM2_Param.h(16,19): warning C4309: “初始化”: 截断常量值
D:\大三上\密码技术竞赛\zkp\zkp\SM2_Param.h(16,24): warning C4838: 从“int”转换到“char”需要收缩转换
D:\大三上\密码技术竞赛\zkp\zkp\SM2_Param.h(16,24): warning C4309: “初始化”: 截断常量值
D:\大三上\密码技术竞赛\zkp\zkp\SM2_Param.h(16,39): warning C4838: 从“int”转换到“char”需要收缩转换
D:\大三上\密码技术竞赛\zkp\zkp\SM2_Param.h(16,39): warning C4309: “初始化”: 截断常量值
D:\大三上\密码技术竞赛\zkp\zkp\SM2_Param.h(16,44): warning C4838: 从“int”转换到“char”需要收缩转换
D:\大三上\密码技术竞赛\zkp\zkp\SM2_Param.h(16,44): warning C4309: “初始化”: 截断常量值
D:\大三上\密码技术竞赛\zkp\zkp\SM2_Param.h(17,9): warning C4838: 从“int”转换到“char”需要收缩转换
D:\大三上\密码技术竞赛\zkp\zkp\SM2_Param.h(17,9): warning C4309: “初始化”: 截断常量值
D:\大三上\密码技术竞赛\zkp\zkp\SM2_Param.h(17,24): warning C4838: 从“int”转换到“char”需要收缩转换
D:\大三上\密码技术竞赛\zkp\zkp\SM2_Param.h(17,24): warning C4309: “初始化”: 截断常量值
D:\大三上\密码技术竞赛\zkp\zkp\SM2_Param.h(17,39): warning C4838: 从“int”转换到“char”需要收缩转换
D:\大三上\密码技术竞赛\zkp\zkp\SM2_Param.h(17,39): warning C4309: “初始化”: 截断常量值
D:\大三上\密码技术竞赛\zkp\zkp\SM2_Param.h(17,44): warning C4838: 从“int”转换到“char”需要收缩转换
D:\大三上\密码技术竞赛\zkp\zkp\SM2_Param.h(17,44): warning C4309: “初始化”: 截断常量值
D:\大三上\密码技术竞赛\zkp\zkp\SM2_Param.h(18,35): warning C4838: 从“int”转换到“char”需要收缩转换
D:\大三上\密码技术竞赛\zkp\zkp\SM2_Param.h(18,35): warning C4309: “初始化”: 截断常量值
D:\大三上\密码技术竞赛\zkp\zkp\SM2_Param.h(18,40): warning C4838: 从“int”转换到“char”需要收缩转换
D:\大三上\密码技术竞赛\zkp\zkp\SM2_Param.h(18,40): warning C4309: “初始化”: 截断常量值
D:\大三上\密码技术竞赛\zkp\zkp\SM2_Param.h(18,45): warning C4838: 从“int”转换到“char”需要收缩转换
D:\大三上\密码技术竞赛\zkp\zkp\SM2_Param.h(18,45): warning C4309: “初始化”: 截断常量值
D:\大三上\密码技术竞赛\zkp\zkp\SM2_Param.h(18,50): warning C4838: 从“int”转换到“char”需要收缩转换
D:\大三上\密码技术竞赛\zkp\zkp\SM2_Param.h(18,50): warning C4309: “初始化”: 截断常量值
D:\大三上\密码技术竞赛\zkp\zkp\SM2_Param.h(18,65): warning C4838: 从“int”转换到“char”需要收缩转换
D:\大三上\密码技术竞赛\zkp\zkp\SM2_Param.h(18,65): warning C4309: “初始化”: 截断常量值
D:\大三上\密码技术竞赛\zkp\zkp\SM2_Param.h(19,9): warning C4838: 从“int”转换到“char”需要收缩转换
D:\大三上\密码技术竞赛\zkp\zkp\SM2_Param.h(19,9): warning C4309: “初始化”: 截断常量值
D:\大三上\密码技术竞赛\zkp\zkp\SM2_Param.h(19,14): warning C4838: 从“int”转换到“char”需要收缩转换
D:\大三上\密码技术竞赛\zkp\zkp\SM2_Param.h(19,14): warning C4309: “初始化”: 截断常量值
D:\大三上\密码技术竞赛\zkp\zkp\SM2_Param.h(19,39): warning C4838: 从“int”转换到“char”需要收缩转换
D:\大三上\密码技术竞赛\zkp\zkp\SM2_Param.h(19,39): warning C4309: “初始化”: 截断常量值
D:\大三上\密码技术竞赛\zkp\zkp\SM2_Param.h(20,9): warning C4838: 从“int”转换到“char”需要收缩转换
D:\大三上\密码技术竞赛\zkp\zkp\SM2_Param.h(20,9): warning C4309: “初始化”: 截断常量值
D:\大三上\密码技术竞赛\zkp\zkp\SM2_Param.h(20,24): warning C4838: 从“int”转换到“char”需要收缩转换
D:\大三上\密码技术竞赛\zkp\zkp\SM2_Param.h(20,24): warning C4309: “初始化”: 截断常量值
D:\大三上\密码技术竞赛\zkp\zkp\SM2_Param.h(20,29): warning C4838: 从“int”转换到“char”需要收缩转换
D:\大三上\密码技术竞赛\zkp\zkp\SM2_Param.h(20,29): warning C4309: “初始化”: 截断常量值
D:\大三上\密码技术竞赛\zkp\zkp\SM2_Param.h(20,39): warning C4838: 从“int”转换到“char”需要收缩转换
D:\大三上\密码技术竞赛\zkp\zkp\SM2_Param.h(20,39): warning C4309: “初始化”: 截断常量值
D:\大三上\密码技术竞赛\zkp\zkp\SM2_Param.h(21,19): warning C4838: 从“int”转换到“char”需要收缩转换
D:\大三上\密码技术竞赛\zkp\zkp\SM2_Param.h(21,19): warning C4309: “初始化”: 截断常量值
D:\大三上\密码技术竞赛\zkp\zkp\SM2_Param.h(21,24): warning C4838: 从“int”转换到“char”需要收缩转换
D:\大三上\密码技术竞赛\zkp\zkp\SM2_Param.h(21,24): warning C4309: “初始化”: 截断常量值
D:\大三上\密码技术竞赛\zkp\zkp\SM2_Param.h(21,34): warning C4838: 从“int”转换到“char”需要收缩转换
D:\大三上\密码技术竞赛\zkp\zkp\SM2_Param.h(21,34): warning C4309: “初始化”: 截断常量值
D:\大三上\密码技术竞赛\zkp\zkp\SM2_Param.h(21,44): warning C4838: 从“int”转换到“char”需要收缩转换
D:\大三上\密码技术竞赛\zkp\zkp\SM2_Param.h(21,44): warning C4309: “初始化”: 截断常量值
D:\大三上\密码技术竞赛\zkp\zkp\SM2_Param.h(22,41): warning C4838: 从“int”转换到“char”需要收缩转换
D:\大三上\密码技术竞赛\zkp\zkp\SM2_Param.h(22,41): warning C4309: “初始化”: 截断常量值
D:\大三上\密码技术竞赛\zkp\zkp\SM2_Param.h(22,46): warning C4838: 从“int”转换到“char”需要收缩转换
D:\大三上\密码技术竞赛\zkp\zkp\SM2_Param.h(22,46): warning C4309: “初始化”: 截断常量值
D:\大三上\密码技术竞赛\zkp\zkp\SM2_Param.h(22,61): warning C4838: 从“int”转换到“char”需要收缩转换
D:\大三上\密码技术竞赛\zkp\zkp\SM2_Param.h(22,61): warning C4309: “初始化”: 截断常量值
D:\大三上\密码技术竞赛\zkp\zkp\SM2_Param.h(22,66): warning C4838: 从“int”转换到“char”需要收缩转换
D:\大三上\密码技术竞赛\zkp\zkp\SM2_Param.h(22,66): warning C4309: “初始化”: 截断常量值
D:\大三上\密码技术竞赛\zkp\zkp\SM2_Param.h(23,25): warning C4838: 从“int”转换到“char”需要收缩转换
D:\大三上\密码技术竞赛\zkp\zkp\SM2_Param.h(23,25): warning C4309: “初始化”: 截断常量值
D:\大三上\密码技术竞赛\zkp\zkp\SM2_Param.h(23,30): warning C4838: 从“int”转换到“char”需要收缩转换
D:\大三上\密码技术竞赛\zkp\zkp\SM2_Param.h(23,30): warning C4309: “初始化”: 截断常量值
D:\大三上\密码技术竞赛\zkp\zkp\SM2_Param.h(23,35): warning C4838: 从“int”转换到“char”需要收缩转换
D:\大三上\密码技术竞赛\zkp\zkp\SM2_Param.h(23,35): warning C4309: “初始化”: 截断常量值
D:\大三上\密码技术竞赛\zkp\zkp\SM2_Param.h(24,30): warning C4838: 从“int”转换到“char”需要收缩转换
D:\大三上\密码技术竞赛\zkp\zkp\SM2_Param.h(24,30): warning C4309: “初始化”: 截断常量值
D:\大三上\密码技术竞赛\zkp\zkp\SM2_Param.h(24,35): warning C4838: 从“int”转换到“char”需要收缩转换
D:\大三上\密码技术竞赛\zkp\zkp\SM2_Param.h(24,35): warning C4309: “初始化”: 截断常量值
D:\大三上\密码技术竞赛\zkp\zkp\SM2_Param.h(24,45): warning C4838: 从“int”转换到“char”需要收缩转换
D:\大三上\密码技术竞赛\zkp\zkp\SM2_Param.h(24,45): warning C4309: “初始化”: 截断常量值
D:\大三上\密码技术竞赛\zkp\zkp\SM2_Param.h(25,35): warning C4838: 从“int”转换到“char”需要收缩转换
D:\大三上\密码技术竞赛\zkp\zkp\SM2_Param.h(25,35): warning C4309: “初始化”: 截断常量值
D:\大三上\密码技术竞赛\zkp\zkp\SM2_Param.h(25,40): warning C4838: 从“int”转换到“char”需要收缩转换
D:\大三上\密码技术竞赛\zkp\zkp\SM2_Param.h(25,40): warning C4309: “初始化”: 截断常量值
D:\大三上\密码技术竞赛\zkp\zkp\SM2_Param.h(26,36): warning C4838: 从“int”转换到“char”需要收缩转换
D:\大三上\密码技术竞赛\zkp\zkp\SM2_Param.h(26,36): warning C4309: “初始化”: 截断常量值
D:\大三上\密码技术竞赛\zkp\zkp\SM2_Param.h(26,51): warning C4838: 从“int”转换到“char”需要收缩转换
D:\大三上\密码技术竞赛\zkp\zkp\SM2_Param.h(26,51): warning C4309: “初始化”: 截断常量值
D:\大三上\密码技术竞赛\zkp\zkp\SM2_Param.h(26,56): warning C4838: 从“int”转换到“char”需要收缩转换
D:\大三上\密码技术竞赛\zkp\zkp\SM2_Param.h(26,56): warning C4309: “初始化”: 截断常量值
D:\大三上\密码技术竞赛\zkp\zkp\SM2_Param.h(27,10): warning C4838: 从“int”转换到“char”需要收缩转换
D:\大三上\密码技术竞赛\zkp\zkp\SM2_Param.h(27,10): warning C4309: “初始化”: 截断常量值
D:\大三上\密码技术竞赛\zkp\zkp\SM2_Param.h(27,25): warning C4838: 从“int”转换到“char”需要收缩转换
D:\大三上\密码技术竞赛\zkp\zkp\SM2_Param.h(27,25): warning C4309: “初始化”: 截断常量值
D:\大三上\密码技术竞赛\zkp\zkp\SM2_Param.h(27,45): warning C4838: 从“int”转换到“char”需要收缩转换
D:\大三上\密码技术竞赛\zkp\zkp\SM2_Param.h(27,45): warning C4309: “初始化”: 截断常量值
D:\大三上\密码技术竞赛\zkp\zkp\SM2_Param.h(28,10): warning C4838: 从“int”转换到“char”需要收缩转换
D:\大三上\密码技术竞赛\zkp\zkp\SM2_Param.h(28,10): warning C4309: “初始化”: 截断常量值
D:\大三上\密码技术竞赛\zkp\zkp\SM2_Param.h(28,15): warning C4838: 从“int”转换到“char”需要收缩转换
D:\大三上\密码技术竞赛\zkp\zkp\SM2_Param.h(28,15): warning C4309: “初始化”: 截断常量值
D:\大三上\密码技术竞赛\zkp\zkp\SM2_Param.h(28,20): warning C4838: 从“int”转换到“char”需要收缩转换
D:\大三上\密码技术竞赛\zkp\zkp\SM2_Param.h(28,20): warning C4309: “初始化”: 截断常量值
D:\大三上\密码技术竞赛\zkp\zkp\SM2_Param.h(28,25): warning C4838: 从“int”转换到“char”需要收缩转换
D:\大三上\密码技术竞赛\zkp\zkp\SM2_Param.h(28,25): warning C4309: “初始化”: 截断常量值
D:\大三上\密码技术竞赛\zkp\zkp\SM2_Param.h(28,30): warning C4838: 从“int”转换到“char”需要收缩转换
D:\大三上\密码技术竞赛\zkp\zkp\SM2_Param.h(28,30): warning C4309: “初始化”: 截断常量值
D:\大三上\密码技术竞赛\zkp\zkp\SM2_Param.h(28,35): warning C4838: 从“int”转换到“char”需要收缩转换
D:\大三上\密码技术竞赛\zkp\zkp\SM2_Param.h(28,35): warning C4309: “初始化”: 截断常量值
D:\大三上\密码技术竞赛\zkp\zkp\SM2_Param.h(28,45): warning C4838: 从“int”转换到“char”需要收缩转换
D:\大三上\密码技术竞赛\zkp\zkp\SM2_Param.h(28,45): warning C4309: “初始化”: 截断常量值
D:\大三上\密码技术竞赛\zkp\zkp\SM2_Param.h(29,10): warning C4838: 从“int”转换到“char”需要收缩转换
D:\大三上\密码技术竞赛\zkp\zkp\SM2_Param.h(29,10): warning C4309: “初始化”: 截断常量值
D:\大三上\密码技术竞赛\zkp\zkp\SM2_Param.h(29,25): warning C4838: 从“int”转换到“char”需要收缩转换
D:\大三上\密码技术竞赛\zkp\zkp\SM2_Param.h(29,25): warning C4309: “初始化”: 截断常量值
D:\大三上\密码技术竞赛\zkp\zkp\SM2_Param.h(29,30): warning C4838: 从“int”转换到“char”需要收缩转换
D:\大三上\密码技术竞赛\zkp\zkp\SM2_Param.h(29,30): warning C4309: “初始化”: 截断常量值
D:\大三上\密码技术竞赛\zkp\zkp\SM2_Param.h(29,45): warning C4838: 从“int”转换到“char”需要收缩转换
D:\大三上\密码技术竞赛\zkp\zkp\SM2_Param.h(29,45): warning C4309: “初始化”: 截断常量值
D:\大三上\密码技术竞赛\zkp\zkp\SM2_Param.h(30,35): warning C4838: 从“int”转换到“char”需要收缩转换
D:\大三上\密码技术竞赛\zkp\zkp\SM2_Param.h(30,35): warning C4309: “初始化”: 截断常量值
D:\大三上\密码技术竞赛\zkp\zkp\SM2_Param.h(30,45): warning C4838: 从“int”转换到“char”需要收缩转换
D:\大三上\密码技术竞赛\zkp\zkp\SM2_Param.h(30,45): warning C4309: “初始化”: 截断常量值
D:\大三上\密码技术竞赛\zkp\zkp\SM2_Param.h(30,50): warning C4838: 从“int”转换到“char”需要收缩转换
D:\大三上\密码技术竞赛\zkp\zkp\SM2_Param.h(30,50): warning C4309: “初始化”: 截断常量值
D:\大三上\密码技术竞赛\zkp\zkp\SM2_Param.h(31,11): warning C4838: 从“int”转换到“char”需要收缩转换
D:\大三上\密码技术竞赛\zkp\zkp\SM2_Param.h(31,11): warning C4309: “初始化”: 截断常量值
D:\大三上\密码技术竞赛\zkp\zkp\SM2_Param.h(31,16): warning C4838: 从“int”转换到“char”需要收缩转换
D:\大三上\密码技术竞赛\zkp\zkp\SM2_Param.h(31,16): warning C4309: “初始化”: 截断常量值
D:\大三上\密码技术竞赛\zkp\zkp\SM2_Param.h(31,31): warning C4838: 从“int”转换到“char”需要收缩转换
D:\大三上\密码技术竞赛\zkp\zkp\SM2_Param.h(31,31): warning C4309: “初始化”: 截断常量值
D:\大三上\密码技术竞赛\zkp\zkp\SM2_Param.h(31,41): warning C4838: 从“int”转换到“char”需要收缩转换
D:\大三上\密码技术竞赛\zkp\zkp\SM2_Param.h(31,41): warning C4309: “初始化”: 截断常量值
D:\大三上\密码技术竞赛\zkp\zkp\SM2_Param.h(31,46): warning C4838: 从“int”转换到“char”需要收缩转换
D:\大三上\密码技术竞赛\zkp\zkp\SM2_Param.h(31,46): warning C4309: “初始化”: 截断常量值
D:\大三上\密码技术竞赛\zkp\zkp\SM2_Param.h(32,36): warning C4838: 从“int”转换到“char”需要收缩转换
D:\大三上\密码技术竞赛\zkp\zkp\SM2_Param.h(32,36): warning C4309: “初始化”: 截断常量值
D:\大三上\密码技术竞赛\zkp\zkp\SM2_Param.h(32,46): warning C4838: 从“int”转换到“char”需要收缩转换
D:\大三上\密码技术竞赛\zkp\zkp\SM2_Param.h(32,46): warning C4309: “初始化”: 截断常量值
D:\大三上\密码技术竞赛\zkp\zkp\SM2_Param.h(33,16): warning C4838: 从“int”转换到“char”需要收缩转换
D:\大三上\密码技术竞赛\zkp\zkp\SM2_Param.h(33,16): warning C4309: “初始化”: 截断常量值
D:\大三上\密码技术竞赛\zkp\zkp\SM2_Param.h(33,26): warning C4838: 从“int”转换到“char”需要收缩转换
D:\大三上\密码技术竞赛\zkp\zkp\SM2_Param.h(33,26): warning C4309: “初始化”: 截断常量值
D:\大三上\密码技术竞赛\zkp\zkp\SM2_Param.h(33,31): warning C4838: 从“int”转换到“char”需要收缩转换
D:\大三上\密码技术竞赛\zkp\zkp\SM2_Param.h(33,31): warning C4309: “初始化”: 截断常量值
D:\大三上\密码技术竞赛\zkp\zkp\SM2_Param.h(33,46): warning C4838: 从“int”转换到“char”需要收缩转换
D:\大三上\密码技术竞赛\zkp\zkp\SM2_Param.h(33,46): warning C4309: “初始化”: 截断常量值
D:\大三上\密码技术竞赛\zkp\zkp\sm3.h(53,19): warning C4244: “初始化”: 从“unsigned __int64”转换到“int”，可能丢失数据
D:\大三上\密码技术竞赛\zkp\zkp\sm3.h(54,18): warning C4244: “初始化”: 从“unsigned __int64”转换到“int”，可能丢失数据
D:\大三上\密码技术竞赛\zkp\zkp\sm3.h(105,53): warning C4554: “>>”: 检查运算符优先级是否存在的可能的错误；使用括号阐明优先级
D:\大三上\密码技术竞赛\zkp\zkp\sm3.h(106,53): warning C4554: “>>”: 检查运算符优先级是否存在的可能的错误；使用括号阐明优先级
D:\大三上\密码技术竞赛\zkp\zkp\sm3.h(142,59): warning C4554: “>>”: 检查运算符优先级是否存在的可能的错误；使用括号阐明优先级
D:\大三上\密码技术竞赛\zkp\zkp\sm3.h(145,57): warning C4554: “>>”: 检查运算符优先级是否存在的可能的错误；使用括号阐明优先级
D:\大三上\密码技术竞赛\zkp\zkp\sm3.h(147,58): warning C4554: “>>”: 检查运算符优先级是否存在的可能的错误；使用括号阐明优先级
D:\大三上\密码技术竞赛\zkp\zkp\sm3.h(150,33): warning C4554: “>>”: 检查运算符优先级是否存在的可能的错误；使用括号阐明优先级
D:\大三上\密码技术竞赛\zkp\zkp\sm3.h(168,29): warning C4554: “>>”: 检查运算符优先级是否存在的可能的错误；使用括号阐明优先级
D:\大三上\密码技术竞赛\zkp\zkp\sm3.h(172,30): warning C4554: “>>”: 检查运算符优先级是否存在的可能的错误；使用括号阐明优先级
D:\大三上\密码技术竞赛\zkp\zkp\sm3.h(192,59): warning C4554: “>>”: 检查运算符优先级是否存在的可能的错误；使用括号阐明优先级
D:\大三上\密码技术竞赛\zkp\zkp\sm3.h(195,57): warning C4554: “>>”: 检查运算符优先级是否存在的可能的错误；使用括号阐明优先级
D:\大三上\密码技术竞赛\zkp\zkp\sm3.h(197,58): warning C4554: “>>”: 检查运算符优先级是否存在的可能的错误；使用括号阐明优先级
D:\大三上\密码技术竞赛\zkp\zkp\sm3.h(200,33): warning C4554: “>>”: 检查运算符优先级是否存在的可能的错误；使用括号阐明优先级
D:\大三上\密码技术竞赛\zkp\zkp\sm3.h(218,29): warning C4554: “>>”: 检查运算符优先级是否存在的可能的错误；使用括号阐明优先级
D:\大三上\密码技术竞赛\zkp\zkp\sm3.h(222,30): warning C4554: “>>”: 检查运算符优先级是否存在的可能的错误；使用括号阐明优先级
D:\大三上\密码技术竞赛\zkp\zkp\sm3.h(242,59): warning C4554: “>>”: 检查运算符优先级是否存在的可能的错误；使用括号阐明优先级
D:\大三上\密码技术竞赛\zkp\zkp\sm3.h(245,57): warning C4554: “>>”: 检查运算符优先级是否存在的可能的错误；使用括号阐明优先级
D:\大三上\密码技术竞赛\zkp\zkp\sm3.h(247,58): warning C4554: “>>”: 检查运算符优先级是否存在的可能的错误；使用括号阐明优先级
D:\大三上\密码技术竞赛\zkp\zkp\sm3.h(250,33): warning C4554: “>>”: 检查运算符优先级是否存在的可能的错误；使用括号阐明优先级
D:\大三上\密码技术竞赛\zkp\zkp\sm3.h(268,29): warning C4554: “>>”: 检查运算符优先级是否存在的可能的错误；使用括号阐明优先级
D:\大三上\密码技术竞赛\zkp\zkp\sm3.h(272,30): warning C4554: “>>”: 检查运算符优先级是否存在的可能的错误；使用括号阐明优先级
D:\大三上\密码技术竞赛\zkp\zkp\main.cpp(51,31): warning C4244: “参数”: 从“unsigned __int64”转换到“unsigned int”，可能丢失数据
  RingSigTest.cpp
D:\大三上\密码技术竞赛\zkp\zkp\SM3acl.h(9,20): warning C4018: “<”: 有符号/无符号不匹配
D:\大三上\密码技术竞赛\zkp\zkp\SM3acl.h(30,19): warning C4244: “初始化”: 从“unsigned __int64”转换到“int”，可能丢失数据
D:\大三上\密码技术竞赛\zkp\zkp\SM3acl.h(31,18): warning C4244: “初始化”: 从“unsigned __int64”转换到“int”，可能丢失数据
D:\大三上\密码技术竞赛\zkp\zkp\SM3acl.h(135,24): warning C4244: “初始化”: 从“unsigned __int64”转换到“unsigned int”，可能丢失数据
D:\大三上\密码技术竞赛\zkp\zkp\SM3acl.h(138,20): warning C4018: “<”: 有符号/无符号不匹配
D:\大三上\密码技术竞赛\zkp\zkp\SM3acl.h(143,20): warning C4018: “<”: 有符号/无符号不匹配
D:\大三上\密码技术竞赛\zkp\zkp\SM3acl.h(150,20): warning C4018: “<”: 有符号/无符号不匹配
D:\大三上\密码技术竞赛\zkp\zkp\SM3acl.h(160,20): warning C4018: “<”: 有符号/无符号不匹配
D:\大三上\密码技术竞赛\zkp\zkp\SM3acl.h(169,44): warning C4554: “>>”: 检查运算符优先级是否存在的可能的错误；使用括号阐明优先级
D:\大三上\密码技术竞赛\zkp\zkp\SM3acl.h(170,44): warning C4554: “>>”: 检查运算符优先级是否存在的可能的错误；使用括号阐明优先级
D:\大三上\密码技术竞赛\zkp\zkp\SM3acl.h(176,20): warning C4018: “<”: 有符号/无符号不匹配
D:\大三上\密码技术竞赛\zkp\zkp\SM3acl.h(186,20): warning C4018: “<”: 有符号/无符号不匹配
D:\大三上\密码技术竞赛\zkp\zkp\SM3acl.h(193,20): warning C4018: “<”: 有符号/无符号不匹配
D:\大三上\密码技术竞赛\zkp\zkp\SM3acl.h(253,33): warning C4554: “>>”: 检查运算符优先级是否存在的可能的错误；使用括号阐明优先级
D:\大三上\密码技术竞赛\zkp\zkp\SM3acl.h(255,40): warning C4554: “>>”: 检查运算符优先级是否存在的可能的错误；使用括号阐明优先级
D:\大三上\密码技术竞赛\zkp\zkp\SM3acl.h(256,55): warning C4554: “>>”: 检查运算符优先级是否存在的可能的错误；使用括号阐明优先级
D:\大三上\密码技术竞赛\zkp\zkp\SM3acl.h(263,29): warning C4554: “>>”: 检查运算符优先级是否存在的可能的错误；使用括号阐明优先级
D:\大三上\密码技术竞赛\zkp\zkp\SM3acl.h(267,30): warning C4554: “>>”: 检查运算符优先级是否存在的可能的错误；使用括号阐明优先级
D:\大三上\密码技术竞赛\zkp\zkp\SM3acl.h(286,19): warning C4244: “初始化”: 从“unsigned __int64”转换到“int”，可能丢失数据
D:\大三上\密码技术竞赛\zkp\zkp\SM3acl.h(313,20): warning C4018: “<”: 有符号/无符号不匹配
D:\大三上\密码技术竞赛\zkp\zkp\SM2RingSig.h(1,1): warning C4819: 该文件包含不能在当前代码页(936)中表示的字符。请将该文件保存为 Unicode 格式以防止数据丢失
D:\大三上\密码技术竞赛\zkp\zkp\SM2.h(1,1): warning C4819: 该文件包含不能在当前代码页(936)中表示的字符。请将该文件保存为 Unicode 格式以防止数据丢失
D:\大三上\密码技术竞赛\zkp\zkp\SM2_Param.h(10,33): warning C4838: 从“int”转换到“char”需要收缩转换
D:\大三上\密码技术竞赛\zkp\zkp\SM2_Param.h(10,33): warning C4309: “初始化”: 截断常量值
D:\大三上\密码技术竞赛\zkp\zkp\SM2_Param.h(10,43): warning C4838: 从“int”转换到“char”需要收缩转换
D:\大三上\密码技术竞赛\zkp\zkp\SM2_Param.h(10,43): warning C4309: “初始化”: 截断常量值
D:\大三上\密码技术竞赛\zkp\zkp\SM2_Param.h(10,48): warning C4838: 从“int”转换到“char”需要收缩转换
D:\大三上\密码技术竞赛\zkp\zkp\SM2_Param.h(10,48): warning C4309: “初始化”: 截断常量值
D:\大三上\密码技术竞赛\zkp\zkp\SM2_Param.h(11,12): warning C4838: 从“int”转换到“char”需要收缩转换
D:\大三上\密码技术竞赛\zkp\zkp\SM2_Param.h(11,12): warning C4309: “初始化”: 截断常量值
D:\大三上\密码技术竞赛\zkp\zkp\SM2_Param.h(11,17): warning C4838: 从“int”转换到“char”需要收缩转换
D:\大三上\密码技术竞赛\zkp\zkp\SM2_Param.h(11,17): warning C4309: “初始化”: 截断常量值
D:\大三上\密码技术竞赛\zkp\zkp\SM2_Param.h(11,32): warning C4838: 从“int”转换到“char”需要收缩转换
D:\大三上\密码技术竞赛\zkp\zkp\SM2_Param.h(11,32): warning C4309: “初始化”: 截断常量值
D:\大三上\密码技术竞赛\zkp\zkp\SM2_Param.h(11,42): warning C4838: 从“int”转换到“char”需要收缩转换
D:\大三上\密码技术竞赛\zkp\zkp\SM2_Param.h(11,42): warning C4309: “初始化”: 截断常量值
D:\大三上\密码技术竞赛\zkp\zkp\SM2_Param.h(11,47): warning C4838: 从“int”转换到“char”需要收缩转换
D:\大三上\密码技术竞赛\zkp\zkp\SM2_Param.h(11,47): warning C4309: “初始化”: 截断常量值
D:\大三上\密码技术竞赛\zkp\zkp\SM2_Param.h(12,22): warning C4838: 从“int”转换到“char”需要收缩转换
D:\大三上\密码技术竞赛\zkp\zkp\SM2_Param.h(12,22): warning C4309: “初始化”: 截断常量值
D:\大三上\密码技术竞赛\zkp\zkp\SM2_Param.h(12,27): warning C4838: 从“int”转换到“char”需要收缩转换
D:\大三上\密码技术竞赛\zkp\zkp\SM2_Param.h(12,27): warning C4309: “初始化”: 截断常量值
D:\大三上\密码技术竞赛\zkp\zkp\SM2_Param.h(13,22): warning C4838: 从“int”转换到“char”需要收缩转换
D:\大三上\密码技术竞赛\zkp\zkp\SM2_Param.h(13,22): warning C4309: “初始化”: 截断常量值
D:\大三上\密码技术竞赛\zkp\zkp\SM2_Param.h(13,27): warning C4838: 从“int”转换到“char”需要收缩转换
D:\大三上\密码技术竞赛\zkp\zkp\SM2_Param.h(13,27): warning C4309: “初始化”: 截断常量值
D:\大三上\密码技术竞赛\zkp\zkp\SM2_Param.h(13,37): warning C4838: 从“int”转换到“char”需要收缩转换
D:\大三上\密码技术竞赛\zkp\zkp\SM2_Param.h(13,37): warning C4309: “初始化”: 截断常量值
D:\大三上\密码技术竞赛\zkp\zkp\SM2_Param.h(13,42): warning C4838: 从“int”转换到“char”需要收缩转换
D:\大三上\密码技术竞赛\zkp\zkp\SM2_Param.h(13,42): warning C4309: “初始化”: 截断常量值
D:\大三上\密码技术竞赛\zkp\zkp\SM2_Param.h(13,47): warning C4838: 从“int”转换到“char”需要收缩转换
D:\大三上\密码技术竞赛\zkp\zkp\SM2_Param.h(13,47): warning C4309: “初始化”: 截断常量值
D:\大三上\密码技术竞赛\zkp\zkp\SM2_Param.h(14,45): warning C4838: 从“int”转换到“char”需要收缩转换
D:\大三上\密码技术竞赛\zkp\zkp\SM2_Param.h(14,45): warning C4309: “初始化”: 截断常量值
D:\大三上\密码技术竞赛\zkp\zkp\SM2_Param.h(14,50): warning C4838: 从“int”转换到“char”需要收缩转换
D:\大三上\密码技术竞赛\zkp\zkp\SM2_Param.h(14,50): warning C4309: “初始化”: 截断常量值
D:\大三上\密码技术竞赛\zkp\zkp\SM2_Param.h(14,60): warning C4838: 从“int”转换到“char”需要收缩转换
D:\大三上\密码技术竞赛\zkp\zkp\SM2_Param.h(14,60): warning C4309: “初始化”: 截断常量值
D:\大三上\密码技术竞赛\zkp\zkp\SM2_Param.h(14,65): warning C4838: 从“int”转换到“char”需要收缩转换
D:\大三上\密码技术竞赛\zkp\zkp\SM2_Param.h(14,65): warning C4309: “初始化”: 截断常量值
D:\大三上\密码技术竞赛\zkp\zkp\SM2_Param.h(15,19): warning C4838: 从“int”转换到“char”需要收缩转换
D:\大三上\密码技术竞赛\zkp\zkp\SM2_Param.h(15,19): warning C4309: “初始化”: 截断常量值
D:\大三上\密码技术竞赛\zkp\zkp\SM2_Param.h(15,34): warning C4838: 从“int”转换到“char”需要收缩转换
D:\大三上\密码技术竞赛\zkp\zkp\SM2_Param.h(15,34): warning C4309: “初始化”: 截断常量值
D:\大三上\密码技术竞赛\zkp\zkp\SM2_Param.h(15,39): warning C4838: 从“int”转换到“char”需要收缩转换
D:\大三上\密码技术竞赛\zkp\zkp\SM2_Param.h(15,39): warning C4309: “初始化”: 截断常量值
D:\大三上\密码技术竞赛\zkp\zkp\SM2_Param.h(15,44): warning C4838: 从“int”转换到“char”需要收缩转换
D:\大三上\密码技术竞赛\zkp\zkp\SM2_Param.h(15,44): warning C4309: “初始化”: 截断常量值
D:\大三上\密码技术竞赛\zkp\zkp\SM2_Param.h(16,19): warning C4838: 从“int”转换到“char”需要收缩转换
D:\大三上\密码技术竞赛\zkp\zkp\SM2_Param.h(16,19): warning C4309: “初始化”: 截断常量值
D:\大三上\密码技术竞赛\zkp\zkp\SM2_Param.h(16,24): warning C4838: 从“int”转换到“char”需要收缩转换
D:\大三上\密码技术竞赛\zkp\zkp\SM2_Param.h(16,24): warning C4309: “初始化”: 截断常量值
D:\大三上\密码技术竞赛\zkp\zkp\SM2_Param.h(16,39): warning C4838: 从“int”转换到“char”需要收缩转换
D:\大三上\密码技术竞赛\zkp\zkp\SM2_Param.h(16,39): warning C4309: “初始化”: 截断常量值
D:\大三上\密码技术竞赛\zkp\zkp\SM2_Param.h(16,44): warning C4838: 从“int”转换到“char”需要收缩转换
D:\大三上\密码技术竞赛\zkp\zkp\SM2_Param.h(16,44): warning C4309: “初始化”: 截断常量值
D:\大三上\密码技术竞赛\zkp\zkp\SM2_Param.h(17,9): warning C4838: 从“int”转换到“char”需要收缩转换
D:\大三上\密码技术竞赛\zkp\zkp\SM2_Param.h(17,9): warning C4309: “初始化”: 截断常量值
D:\大三上\密码技术竞赛\zkp\zkp\SM2_Param.h(17,24): warning C4838: 从“int”转换到“char”需要收缩转换
D:\大三上\密码技术竞赛\zkp\zkp\SM2_Param.h(17,24): warning C4309: “初始化”: 截断常量值
D:\大三上\密码技术竞赛\zkp\zkp\SM2_Param.h(17,39): warning C4838: 从“int”转换到“char”需要收缩转换
D:\大三上\密码技术竞赛\zkp\zkp\SM2_Param.h(17,39): warning C4309: “初始化”: 截断常量值
D:\大三上\密码技术竞赛\zkp\zkp\SM2_Param.h(17,44): warning C4838: 从“int”转换到“char”需要收缩转换
D:\大三上\密码技术竞赛\zkp\zkp\SM2_Param.h(17,44): warning C4309: “初始化”: 截断常量值
D:\大三上\密码技术竞赛\zkp\zkp\SM2_Param.h(18,35): warning C4838: 从“int”转换到“char”需要收缩转换
D:\大三上\密码技术竞赛\zkp\zkp\SM2_Param.h(18,35): warning C4309: “初始化”: 截断常量值
D:\大三上\密码技术竞赛\zkp\zkp\SM2_Param.h(18,40): warning C4838: 从“int”转换到“char”需要收缩转换
D:\大三上\密码技术竞赛\zkp\zkp\SM2_Param.h(18,40): warning C4309: “初始化”: 截断常量值
D:\大三上\密码技术竞赛\zkp\zkp\SM2_Param.h(18,45): warning C4838: 从“int”转换到“char”需要收缩转换
D:\大三上\密码技术竞赛\zkp\zkp\SM2_Param.h(18,45): warning C4309: “初始化”: 截断常量值
D:\大三上\密码技术竞赛\zkp\zkp\SM2_Param.h(18,50): warning C4838: 从“int”转换到“char”需要收缩转换
D:\大三上\密码技术竞赛\zkp\zkp\SM2_Param.h(18,50): warning C4309: “初始化”: 截断常量值
D:\大三上\密码技术竞赛\zkp\zkp\SM2_Param.h(18,65): warning C4838: 从“int”转换到“char”需要收缩转换
D:\大三上\密码技术竞赛\zkp\zkp\SM2_Param.h(18,65): warning C4309: “初始化”: 截断常量值
D:\大三上\密码技术竞赛\zkp\zkp\SM2_Param.h(19,9): warning C4838: 从“int”转换到“char”需要收缩转换
D:\大三上\密码技术竞赛\zkp\zkp\SM2_Param.h(19,9): warning C4309: “初始化”: 截断常量值
D:\大三上\密码技术竞赛\zkp\zkp\SM2_Param.h(19,14): warning C4838: 从“int”转换到“char”需要收缩转换
D:\大三上\密码技术竞赛\zkp\zkp\SM2_Param.h(19,14): warning C4309: “初始化”: 截断常量值
D:\大三上\密码技术竞赛\zkp\zkp\SM2_Param.h(19,39): warning C4838: 从“int”转换到“char”需要收缩转换
D:\大三上\密码技术竞赛\zkp\zkp\SM2_Param.h(19,39): warning C4309: “初始化”: 截断常量值
D:\大三上\密码技术竞赛\zkp\zkp\SM2_Param.h(20,9): warning C4838: 从“int”转换到“char”需要收缩转换
D:\大三上\密码技术竞赛\zkp\zkp\SM2_Param.h(20,9): warning C4309: “初始化”: 截断常量值
D:\大三上\密码技术竞赛\zkp\zkp\SM2_Param.h(20,24): warning C4838: 从“int”转换到“char”需要收缩转换
D:\大三上\密码技术竞赛\zkp\zkp\SM2_Param.h(20,24): warning C4309: “初始化”: 截断常量值
D:\大三上\密码技术竞赛\zkp\zkp\SM2_Param.h(20,29): warning C4838: 从“int”转换到“char”需要收缩转换
D:\大三上\密码技术竞赛\zkp\zkp\SM2_Param.h(20,29): warning C4309: “初始化”: 截断常量值
D:\大三上\密码技术竞赛\zkp\zkp\SM2_Param.h(20,39): warning C4838: 从“int”转换到“char”需要收缩转换
D:\大三上\密码技术竞赛\zkp\zkp\SM2_Param.h(20,39): warning C4309: “初始化”: 截断常量值
D:\大三上\密码技术竞赛\zkp\zkp\SM2_Param.h(21,19): warning C4838: 从“int”转换到“char”需要收缩转换
D:\大三上\密码技术竞赛\zkp\zkp\SM2_Param.h(21,19): warning C4309: “初始化”: 截断常量值
D:\大三上\密码技术竞赛\zkp\zkp\SM2_Param.h(21,24): warning C4838: 从“int”转换到“char”需要收缩转换
D:\大三上\密码技术竞赛\zkp\zkp\SM2_Param.h(21,24): warning C4309: “初始化”: 截断常量值
D:\大三上\密码技术竞赛\zkp\zkp\SM2_Param.h(21,34): warning C4838: 从“int”转换到“char”需要收缩转换
D:\大三上\密码技术竞赛\zkp\zkp\SM2_Param.h(21,34): warning C4309: “初始化”: 截断常量值
D:\大三上\密码技术竞赛\zkp\zkp\SM2_Param.h(21,44): warning C4838: 从“int”转换到“char”需要收缩转换
D:\大三上\密码技术竞赛\zkp\zkp\SM2_Param.h(21,44): warning C4309: “初始化”: 截断常量值
D:\大三上\密码技术竞赛\zkp\zkp\SM2_Param.h(22,41): warning C4838: 从“int”转换到“char”需要收缩转换
D:\大三上\密码技术竞赛\zkp\zkp\SM2_Param.h(22,41): warning C4309: “初始化”: 截断常量值
D:\大三上\密码技术竞赛\zkp\zkp\SM2_Param.h(22,46): warning C4838: 从“int”转换到“char”需要收缩转换
D:\大三上\密码技术竞赛\zkp\zkp\SM2_Param.h(22,46): warning C4309: “初始化”: 截断常量值
D:\大三上\密码技术竞赛\zkp\zkp\SM2_Param.h(22,61): warning C4838: 从“int”转换到“char”需要收缩转换
D:\大三上\密码技术竞赛\zkp\zkp\SM2_Param.h(22,61): warning C4309: “初始化”: 截断常量值
D:\大三上\密码技术竞赛\zkp\zkp\SM2_Param.h(22,66): warning C4838: 从“int”转换到“char”需要收缩转换
D:\大三上\密码技术竞赛\zkp\zkp\SM2_Param.h(22,66): warning C4309: “初始化”: 截断常量值
D:\大三上\密码技术竞赛\zkp\zkp\SM2_Param.h(23,25): warning C4838: 从“int”转换到“char”需要收缩转换
D:\大三上\密码技术竞赛\zkp\zkp\SM2_Param.h(23,25): warning C4309: “初始化”: 截断常量值
D:\大三上\密码技术竞赛\zkp\zkp\SM2_Param.h(23,30): warning C4838: 从“int”转换到“char”需要收缩转换
D:\大三上\密码技术竞赛\zkp\zkp\SM2_Param.h(23,30): warning C4309: “初始化”: 截断常量值
D:\大三上\密码技术竞赛\zkp\zkp\SM2_Param.h(23,35): warning C4838: 从“int”转换到“char”需要收缩转换
D:\大三上\密码技术竞赛\zkp\zkp\SM2_Param.h(23,35): warning C4309: “初始化”: 截断常量值
D:\大三上\密码技术竞赛\zkp\zkp\SM2_Param.h(24,30): warning C4838: 从“int”转换到“char”需要收缩转换
D:\大三上\密码技术竞赛\zkp\zkp\SM2_Param.h(24,30): warning C4309: “初始化”: 截断常量值
D:\大三上\密码技术竞赛\zkp\zkp\SM2_Param.h(24,35): warning C4838: 从“int”转换到“char”需要收缩转换
D:\大三上\密码技术竞赛\zkp\zkp\SM2_Param.h(24,35): warning C4309: “初始化”: 截断常量值
D:\大三上\密码技术竞赛\zkp\zkp\SM2_Param.h(24,45): warning C4838: 从“int”转换到“char”需要收缩转换
D:\大三上\密码技术竞赛\zkp\zkp\SM2_Param.h(24,45): warning C4309: “初始化”: 截断常量值
D:\大三上\密码技术竞赛\zkp\zkp\SM2_Param.h(25,35): warning C4838: 从“int”转换到“char”需要收缩转换
D:\大三上\密码技术竞赛\zkp\zkp\SM2_Param.h(25,35): warning C4309: “初始化”: 截断常量值
D:\大三上\密码技术竞赛\zkp\zkp\SM2_Param.h(25,40): warning C4838: 从“int”转换到“char”需要收缩转换
D:\大三上\密码技术竞赛\zkp\zkp\SM2_Param.h(25,40): warning C4309: “初始化”: 截断常量值
D:\大三上\密码技术竞赛\zkp\zkp\SM2_Param.h(26,36): warning C4838: 从“int”转换到“char”需要收缩转换
D:\大三上\密码技术竞赛\zkp\zkp\SM2_Param.h(26,36): warning C4309: “初始化”: 截断常量值
D:\大三上\密码技术竞赛\zkp\zkp\SM2_Param.h(26,51): warning C4838: 从“int”转换到“char”需要收缩转换
D:\大三上\密码技术竞赛\zkp\zkp\SM2_Param.h(26,51): warning C4309: “初始化”: 截断常量值
D:\大三上\密码技术竞赛\zkp\zkp\SM2_Param.h(26,56): warning C4838: 从“int”转换到“char”需要收缩转换
D:\大三上\密码技术竞赛\zkp\zkp\SM2_Param.h(26,56): warning C4309: “初始化”: 截断常量值
D:\大三上\密码技术竞赛\zkp\zkp\SM2_Param.h(27,10): warning C4838: 从“int”转换到“char”需要收缩转换
D:\大三上\密码技术竞赛\zkp\zkp\SM2_Param.h(27,10): warning C4309: “初始化”: 截断常量值
D:\大三上\密码技术竞赛\zkp\zkp\SM2_Param.h(27,25): warning C4838: 从“int”转换到“char”需要收缩转换
D:\大三上\密码技术竞赛\zkp\zkp\SM2_Param.h(27,25): warning C4309: “初始化”: 截断常量值
D:\大三上\密码技术竞赛\zkp\zkp\SM2_Param.h(27,45): warning C4838: 从“int”转换到“char”需要收缩转换
D:\大三上\密码技术竞赛\zkp\zkp\SM2_Param.h(27,45): warning C4309: “初始化”: 截断常量值
D:\大三上\密码技术竞赛\zkp\zkp\SM2_Param.h(28,10): warning C4838: 从“int”转换到“char”需要收缩转换
D:\大三上\密码技术竞赛\zkp\zkp\SM2_Param.h(28,10): warning C4309: “初始化”: 截断常量值
D:\大三上\密码技术竞赛\zkp\zkp\SM2_Param.h(28,15): warning C4838: 从“int”转换到“char”需要收缩转换
D:\大三上\密码技术竞赛\zkp\zkp\SM2_Param.h(28,15): warning C4309: “初始化”: 截断常量值
D:\大三上\密码技术竞赛\zkp\zkp\SM2_Param.h(28,20): warning C4838: 从“int”转换到“char”需要收缩转换
D:\大三上\密码技术竞赛\zkp\zkp\SM2_Param.h(28,20): warning C4309: “初始化”: 截断常量值
D:\大三上\密码技术竞赛\zkp\zkp\SM2_Param.h(28,25): warning C4838: 从“int”转换到“char”需要收缩转换
D:\大三上\密码技术竞赛\zkp\zkp\SM2_Param.h(28,25): warning C4309: “初始化”: 截断常量值
D:\大三上\密码技术竞赛\zkp\zkp\SM2_Param.h(28,30): warning C4838: 从“int”转换到“char”需要收缩转换
D:\大三上\密码技术竞赛\zkp\zkp\SM2_Param.h(28,30): warning C4309: “初始化”: 截断常量值
D:\大三上\密码技术竞赛\zkp\zkp\SM2_Param.h(28,35): warning C4838: 从“int”转换到“char”需要收缩转换
D:\大三上\密码技术竞赛\zkp\zkp\SM2_Param.h(28,35): warning C4309: “初始化”: 截断常量值
D:\大三上\密码技术竞赛\zkp\zkp\SM2_Param.h(28,45): warning C4838: 从“int”转换到“char”需要收缩转换
D:\大三上\密码技术竞赛\zkp\zkp\SM2_Param.h(28,45): warning C4309: “初始化”: 截断常量值
D:\大三上\密码技术竞赛\zkp\zkp\SM2_Param.h(29,10): warning C4838: 从“int”转换到“char”需要收缩转换
D:\大三上\密码技术竞赛\zkp\zkp\SM2_Param.h(29,10): warning C4309: “初始化”: 截断常量值
D:\大三上\密码技术竞赛\zkp\zkp\SM2_Param.h(29,25): warning C4838: 从“int”转换到“char”需要收缩转换
D:\大三上\密码技术竞赛\zkp\zkp\SM2_Param.h(29,25): warning C4309: “初始化”: 截断常量值
D:\大三上\密码技术竞赛\zkp\zkp\SM2_Param.h(29,30): warning C4838: 从“int”转换到“char”需要收缩转换
D:\大三上\密码技术竞赛\zkp\zkp\SM2_Param.h(29,30): warning C4309: “初始化”: 截断常量值
D:\大三上\密码技术竞赛\zkp\zkp\SM2_Param.h(29,45): warning C4838: 从“int”转换到“char”需要收缩转换
D:\大三上\密码技术竞赛\zkp\zkp\SM2_Param.h(29,45): warning C4309: “初始化”: 截断常量值
D:\大三上\密码技术竞赛\zkp\zkp\SM2_Param.h(30,35): warning C4838: 从“int”转换到“char”需要收缩转换
D:\大三上\密码技术竞赛\zkp\zkp\SM2_Param.h(30,35): warning C4309: “初始化”: 截断常量值
D:\大三上\密码技术竞赛\zkp\zkp\SM2_Param.h(30,45): warning C4838: 从“int”转换到“char”需要收缩转换
D:\大三上\密码技术竞赛\zkp\zkp\SM2_Param.h(30,45): warning C4309: “初始化”: 截断常量值
D:\大三上\密码技术竞赛\zkp\zkp\SM2_Param.h(30,50): warning C4838: 从“int”转换到“char”需要收缩转换
D:\大三上\密码技术竞赛\zkp\zkp\SM2_Param.h(30,50): warning C4309: “初始化”: 截断常量值
D:\大三上\密码技术竞赛\zkp\zkp\SM2_Param.h(31,11): warning C4838: 从“int”转换到“char”需要收缩转换
D:\大三上\密码技术竞赛\zkp\zkp\SM2_Param.h(31,11): warning C4309: “初始化”: 截断常量值
D:\大三上\密码技术竞赛\zkp\zkp\SM2_Param.h(31,16): warning C4838: 从“int”转换到“char”需要收缩转换
D:\大三上\密码技术竞赛\zkp\zkp\SM2_Param.h(31,16): warning C4309: “初始化”: 截断常量值
D:\大三上\密码技术竞赛\zkp\zkp\SM2_Param.h(31,31): warning C4838: 从“int”转换到“char”需要收缩转换
D:\大三上\密码技术竞赛\zkp\zkp\SM2_Param.h(31,31): warning C4309: “初始化”: 截断常量值
D:\大三上\密码技术竞赛\zkp\zkp\SM2_Param.h(31,41): warning C4838: 从“int”转换到“char”需要收缩转换
D:\大三上\密码技术竞赛\zkp\zkp\SM2_Param.h(31,41): warning C4309: “初始化”: 截断常量值
D:\大三上\密码技术竞赛\zkp\zkp\SM2_Param.h(31,46): warning C4838: 从“int”转换到“char”需要收缩转换
D:\大三上\密码技术竞赛\zkp\zkp\SM2_Param.h(31,46): warning C4309: “初始化”: 截断常量值
D:\大三上\密码技术竞赛\zkp\zkp\SM2_Param.h(32,36): warning C4838: 从“int”转换到“char”需要收缩转换
D:\大三上\密码技术竞赛\zkp\zkp\SM2_Param.h(32,36): warning C4309: “初始化”: 截断常量值
D:\大三上\密码技术竞赛\zkp\zkp\SM2_Param.h(32,46): warning C4838: 从“int”转换到“char”需要收缩转换
D:\大三上\密码技术竞赛\zkp\zkp\SM2_Param.h(32,46): warning C4309: “初始化”: 截断常量值
D:\大三上\密码技术竞赛\zkp\zkp\SM2_Param.h(33,16): warning C4838: 从“int”转换到“char”需要收缩转换
D:\大三上\密码技术竞赛\zkp\zkp\SM2_Param.h(33,16): warning C4309: “初始化”: 截断常量值
D:\大三上\密码技术竞赛\zkp\zkp\SM2_Param.h(33,26): warning C4838: 从“int”转换到“char”需要收缩转换
D:\大三上\密码技术竞赛\zkp\zkp\SM2_Param.h(33,26): warning C4309: “初始化”: 截断常量值
D:\大三上\密码技术竞赛\zkp\zkp\SM2_Param.h(33,31): warning C4838: 从“int”转换到“char”需要收缩转换
D:\大三上\密码技术竞赛\zkp\zkp\SM2_Param.h(33,31): warning C4309: “初始化”: 截断常量值
D:\大三上\密码技术竞赛\zkp\zkp\SM2_Param.h(33,46): warning C4838: 从“int”转换到“char”需要收缩转换
D:\大三上\密码技术竞赛\zkp\zkp\SM2_Param.h(33,46): warning C4309: “初始化”: 截断常量值
D:\大三上\密码技术竞赛\zkp\zkp\sm3.h(2,10): error C2374: “IV”: 重定义；多次初始化
D:\大三上\密码技术竞赛\zkp\zkp\SM3def.h(4): message : 参见“IV”的声明
D:\大三上\密码技术竞赛\zkp\zkp\sm3.h(3,10): error C2374: “Tj015”: 重定义；多次初始化
D:\大三上\密码技术竞赛\zkp\zkp\SM3def.h(5): message : 参见“Tj015”的声明
D:\大三上\密码技术竞赛\zkp\zkp\sm3.h(4,10): error C2374: “Tj1663”: 重定义；多次初始化
D:\大三上\密码技术竞赛\zkp\zkp\SM3def.h(6): message : 参见“Tj1663”的声明
D:\大三上\密码技术竞赛\zkp\zkp\sm3.h(14,20): error C2374: “MODNUM”: 重定义；多次初始化
D:\大三上\密码技术竞赛\zkp\zkp\SM3def.h(17): message : 参见“MODNUM”的声明
D:\大三上\密码技术竞赛\zkp\zkp\sm3.h(53,19): warning C4244: “初始化”: 从“unsigned __int64”转换到“int”，可能丢失数据
D:\大三上\密码技术竞赛\zkp\zkp\sm3.h(54,18): warning C4244: “初始化”: 从“unsigned __int64”转换到“int”，可能丢失数据
D:\大三上\密码技术竞赛\zkp\zkp\sm3.h(105,53): warning C4554: “>>”: 检查运算符优先级是否存在的可能的错误；使用括号阐明优先级
D:\大三上\密码技术竞赛\zkp\zkp\sm3.h(106,53): warning C4554: “>>”: 检查运算符优先级是否存在的可能的错误；使用括号阐明优先级
D:\大三上\密码技术竞赛\zkp\zkp\sm3.h(142,59): warning C4554: “>>”: 检查运算符优先级是否存在的可能的错误；使用括号阐明优先级
D:\大三上\密码技术竞赛\zkp\zkp\sm3.h(145,57): warning C4554: “>>”: 检查运算符优先级是否存在的可能的错误；使用括号阐明优先级
D:\大三上\密码技术竞赛\zkp\zkp\sm3.h(147,58): warning C4554: “>>”: 检查运算符优先级是否存在的可能的错误；使用括号阐明优先级
D:\大三上\密码技术竞赛\zkp\zkp\sm3.h(150,33): warning C4554: “>>”: 检查运算符优先级是否存在的可能的错误；使用括号阐明优先级
D:\大三上\密码技术竞赛\zkp\zkp\sm3.h(168,29): warning C4554: “>>”: 检查运算符优先级是否存在的可能的错误；使用括号阐明优先级
D:\大三上\密码技术竞赛\zkp\zkp\sm3.h(172,30): warning C4554: “>>”: 检查运算符优先级是否存在的可能的错误；使用括号阐明优先级
D:\大三上\密码技术竞赛\zkp\zkp\sm3.h(192,59): warning C4554: “>>”: 检查运算符优先级是否存在的可能的错误；使用括号阐明优先级
D:\大三上\密码技术竞赛\zkp\zkp\sm3.h(195,57): warning C4554: “>>”: 检查运算符优先级是否存在的可能的错误；使用括号阐明优先级
D:\大三上\密码技术竞赛\zkp\zkp\sm3.h(197,58): warning C4554: “>>”: 检查运算符优先级是否存在的可能的错误；使用括号阐明优先级
D:\大三上\密码技术竞赛\zkp\zkp\sm3.h(200,33): warning C4554: “>>”: 检查运算符优先级是否存在的可能的错误；使用括号阐明优先级
D:\大三上\密码技术竞赛\zkp\zkp\sm3.h(218,29): warning C4554: “>>”: 检查运算符优先级是否存在的可能的错误；使用括号阐明优先级
D:\大三上\密码技术竞赛\zkp\zkp\sm3.h(222,30): warning C4554: “>>”: 检查运算符优先级是否存在的可能的错误；使用括号阐明优先级
D:\大三上\密码技术竞赛\zkp\zkp\sm3.h(242,59): warning C4554: “>>”: 检查运算符优先级是否存在的可能的错误；使用括号阐明优先级
D:\大三上\密码技术竞赛\zkp\zkp\sm3.h(245,57): warning C4554: “>>”: 检查运算符优先级是否存在的可能的错误；使用括号阐明优先级
D:\大三上\密码技术竞赛\zkp\zkp\sm3.h(247,58): warning C4554: “>>”: 检查运算符优先级是否存在的可能的错误；使用括号阐明优先级
D:\大三上\密码技术竞赛\zkp\zkp\sm3.h(250,33): warning C4554: “>>”: 检查运算符优先级是否存在的可能的错误；使用括号阐明优先级
D:\大三上\密码技术竞赛\zkp\zkp\sm3.h(268,29): warning C4554: “>>”: 检查运算符优先级是否存在的可能的错误；使用括号阐明优先级
D:\大三上\密码技术竞赛\zkp\zkp\sm3.h(272,30): warning C4554: “>>”: 检查运算符优先级是否存在的可能的错误；使用括号阐明优先级
D:\大三上\密码技术竞赛\zkp\zkp\SM2_Param.h(10,6): error C2374: “Sm2CurveParamPrime”: 重定义；多次初始化
D:\大三上\密码技术竞赛\zkp\zkp\SM2_Param.h(10): message : 参见“Sm2CurveParamPrime”的声明
D:\大三上\密码技术竞赛\zkp\zkp\SM2_Param.h(14,6): error C2374: “Sm2CurveParam_a”: 重定义；多次初始化
D:\大三上\密码技术竞赛\zkp\zkp\SM2_Param.h(14): message : 参见“Sm2CurveParam_a”的声明
D:\大三上\密码技术竞赛\zkp\zkp\SM2_Param.h(18,6): error C2374: “Sm2CurveParam_b”: 重定义；多次初始化
D:\大三上\密码技术竞赛\zkp\zkp\SM2_Param.h(18): message : 参见“Sm2CurveParam_b”的声明
D:\大三上\密码技术竞赛\zkp\zkp\SM2_Param.h(22,6): error C2374: “Sm2CurveParamG_x”: 重定义；多次初始化
D:\大三上\密码技术竞赛\zkp\zkp\SM2_Param.h(22): message : 参见“Sm2CurveParamG_x”的声明
D:\大三上\密码技术竞赛\zkp\zkp\SM2_Param.h(26,6): error C2374: “Sm2CurveParamG_y”: 重定义；多次初始化
D:\大三上\密码技术竞赛\zkp\zkp\SM2_Param.h(26): message : 参见“Sm2CurveParamG_y”的声明
D:\大三上\密码技术竞赛\zkp\zkp\SM2_Param.h(30,6): error C2374: “Sm2CurveParamG_Order”: 重定义；多次初始化
D:\大三上\密码技术竞赛\zkp\zkp\SM2_Param.h(30): message : 参见“Sm2CurveParamG_Order”的声明
D:\大三上\密码技术竞赛\zkp\zkp\SM2_STANDARD.h(29,20): warning C4018: “<”: 有符号/无符号不匹配
D:\大三上\密码技术竞赛\zkp\zkp\SM2_STANDARD.h(49,20): warning C4018: “<”: 有符号/无符号不匹配
D:\大三上\密码技术竞赛\zkp\zkp\SM2_STANDARD.h(189,20): warning C4018: “<”: 有符号/无符号不匹配
D:\大三上\密码技术竞赛\zkp\zkp\SM2_STANDARD.h(197,20): warning C4018: “<”: 有符号/无符号不匹配
D:\大三上\密码技术竞赛\zkp\zkp\SM2_STANDARD.h(221,20): warning C4018: “<”: 有符号/无符号不匹配
D:\大三上\密码技术竞赛\zkp\zkp\SM2_STANDARD.h(223,20): warning C4018: “<”: 有符号/无符号不匹配
D:\大三上\密码技术竞赛\zkp\zkp\SM2RingSig.h(52,20): warning C4018: “<”: 有符号/无符号不匹配
D:\大三上\密码技术竞赛\zkp\zkp\SM2RingSig.h(54,20): warning C4018: “<”: 有符号/无符号不匹配
D:\大三上\密码技术竞赛\zkp\zkp\SM2RingSig.h(360,20): warning C4018: “<”: 有符号/无符号不匹配
D:\大三上\密码技术竞赛\zkp\zkp\SM2RingSig.h(363,20): warning C4018: “<”: 有符号/无符号不匹配
D:\大三上\密码技术竞赛\zkp\zkp\SM2RingSig.h(384,20): warning C4018: “<”: 有符号/无符号不匹配
D:\大三上\密码技术竞赛\zkp\zkp\SM2RingSig.h(390,20): warning C4018: “<”: 有符号/无符号不匹配
D:\大三上\密码技术竞赛\zkp\zkp\SM2RingSig.h(415,20): warning C4018: “<”: 有符号/无符号不匹配
D:\大三上\密码技术竞赛\zkp\zkp\SM2RingSig.h(451,20): warning C4018: “<”: 有符号/无符号不匹配
D:\大三上\密码技术竞赛\zkp\zkp\SM2RingSig.h(469,20): warning C4018: “<”: 有符号/无符号不匹配
D:\大三上\密码技术竞赛\zkp\zkp\SM2RingSig.h(472,20): warning C4018: “<”: 有符号/无符号不匹配
D:\大三上\密码技术竞赛\zkp\zkp\SM2RingSig.h(496,3): warning C4804: “*=”: 在操作中使用类型“bool”不安全
D:\大三上\密码技术竞赛\zkp\zkp\SM2RingSig.h(498,3): warning C4804: “*=”: 在操作中使用类型“bool”不安全
D:\大三上\密码技术竞赛\zkp\zkp\SM2RingSig.h(619,20): warning C4018: “<”: 有符号/无符号不匹配
D:\大三上\密码技术竞赛\zkp\zkp\SM2RingSig.h(622,20): warning C4018: “<”: 有符号/无符号不匹配
D:\大三上\密码技术竞赛\zkp\zkp\SM2RingSig.h(631,20): warning C4018: “<”: 有符号/无符号不匹配
D:\大三上\密码技术竞赛\zkp\zkp\SM2RingSig.h(637,20): warning C4018: “<”: 有符号/无符号不匹配
D:\大三上\密码技术竞赛\zkp\zkp\SM2RingSig.h(650,20): warning C4018: “<”: 有符号/无符号不匹配
D:\大三上\密码技术竞赛\zkp\zkp\SM2RingSig.h(681,3): warning C4804: “*=”: 在操作中使用类型“bool”不安全
D:\大三上\密码技术竞赛\zkp\zkp\SM2RingSig.h(690,20): warning C4018: “<”: 有符号/无符号不匹配
D:\大三上\密码技术竞赛\zkp\zkp\SM2RingSig.h(693,20): warning C4018: “<”: 有符号/无符号不匹配
D:\大三上\密码技术竞赛\zkp\zkp\RingSigTest.cpp(17,31): warning C4244: “参数”: 从“unsigned __int64”转换到“unsigned int”，可能丢失数据
D:\大三上\密码技术竞赛\zkp\zkp\RingSigTest.cpp(42,22): error C2065: “TempSK”: 未声明的标识符
D:\大三上\密码技术竞赛\zkp\zkp\RingSigTest.cpp(49,22): error C2065: “TempPK_X”: 未声明的标识符
D:\大三上\密码技术竞赛\zkp\zkp\RingSigTest.cpp(50,22): error C2065: “TempPK_Y”: 未声明的标识符
  正在生成代码...
