  main.cpp
D:\大三上\密码技术竞赛\zkp\zkp\SM2_Param.h(10,33): warning C4838: 从“int”转换到“char”需要收缩转换
D:\大三上\密码技术竞赛\zkp\zkp\SM2_Param.h(10,33): warning C4309: “初始化”: 截断常量值
D:\大三上\密码技术竞赛\zkp\zkp\SM2_Param.h(10,43): warning C4838: 从“int”转换到“char”需要收缩转换
D:\大三上\密码技术竞赛\zkp\zkp\SM2_Param.h(10,43): warning C4309: “初始化”: 截断常量值
D:\大三上\密码技术竞赛\zkp\zkp\SM2_Param.h(10,48): warning C4838: 从“int”转换到“char”需要收缩转换
D:\大三上\密码技术竞赛\zkp\zkp\SM2_Param.h(10,48): warning C4309: “初始化”: 截断常量值
D:\大三上\密码技术竞赛\zkp\zkp\SM2_Param.h(11,12): warning C4838: 从“int”转换到“char”需要收缩转换
D:\大三上\密码技术竞赛\zkp\zkp\SM2_Param.h(11,12): warning C4309: “初始化”: 截断常量值
D:\大三上\密码技术竞赛\zkp\zkp\SM2_Param.h(11,17): warning C4838: 从“int”转换到“char”需要收缩转换
D:\大三上\密码技术竞赛\zkp\zkp\SM2_Param.h(11,17): warning C4309: “初始化”: 截断常量值
D:\大三上\密码技术竞赛\zkp\zkp\SM2_Param.h(11,32): warning C4838: 从“int”转换到“char”需要收缩转换
D:\大三上\密码技术竞赛\zkp\zkp\SM2_Param.h(11,32): warning C4309: “初始化”: 截断常量值
D:\大三上\密码技术竞赛\zkp\zkp\SM2_Param.h(11,42): warning C4838: 从“int”转换到“char”需要收缩转换
D:\大三上\密码技术竞赛\zkp\zkp\SM2_Param.h(11,42): warning C4309: “初始化”: 截断常量值
D:\大三上\密码技术竞赛\zkp\zkp\SM2_Param.h(11,47): warning C4838: 从“int”转换到“char”需要收缩转换
D:\大三上\密码技术竞赛\zkp\zkp\SM2_Param.h(11,47): warning C4309: “初始化”: 截断常量值
D:\大三上\密码技术竞赛\zkp\zkp\SM2_Param.h(12,22): warning C4838: 从“int”转换到“char”需要收缩转换
D:\大三上\密码技术竞赛\zkp\zkp\SM2_Param.h(12,22): warning C4309: “初始化”: 截断常量值
D:\大三上\密码技术竞赛\zkp\zkp\SM2_Param.h(12,27): warning C4838: 从“int”转换到“char”需要收缩转换
D:\大三上\密码技术竞赛\zkp\zkp\SM2_Param.h(12,27): warning C4309: “初始化”: 截断常量值
D:\大三上\密码技术竞赛\zkp\zkp\SM2_Param.h(13,22): warning C4838: 从“int”转换到“char”需要收缩转换
D:\大三上\密码技术竞赛\zkp\zkp\SM2_Param.h(13,22): warning C4309: “初始化”: 截断常量值
D:\大三上\密码技术竞赛\zkp\zkp\SM2_Param.h(13,27): warning C4838: 从“int”转换到“char”需要收缩转换
D:\大三上\密码技术竞赛\zkp\zkp\SM2_Param.h(13,27): warning C4309: “初始化”: 截断常量值
D:\大三上\密码技术竞赛\zkp\zkp\SM2_Param.h(13,37): warning C4838: 从“int”转换到“char”需要收缩转换
D:\大三上\密码技术竞赛\zkp\zkp\SM2_Param.h(13,37): warning C4309: “初始化”: 截断常量值
D:\大三上\密码技术竞赛\zkp\zkp\SM2_Param.h(13,42): warning C4838: 从“int”转换到“char”需要收缩转换
D:\大三上\密码技术竞赛\zkp\zkp\SM2_Param.h(13,42): warning C4309: “初始化”: 截断常量值
D:\大三上\密码技术竞赛\zkp\zkp\SM2_Param.h(13,47): warning C4838: 从“int”转换到“char”需要收缩转换
D:\大三上\密码技术竞赛\zkp\zkp\SM2_Param.h(13,47): warning C4309: “初始化”: 截断常量值
D:\大三上\密码技术竞赛\zkp\zkp\SM2_Param.h(14,45): warning C4838: 从“int”转换到“char”需要收缩转换
D:\大三上\密码技术竞赛\zkp\zkp\SM2_Param.h(14,45): warning C4309: “初始化”: 截断常量值
D:\大三上\密码技术竞赛\zkp\zkp\SM2_Param.h(14,50): warning C4838: 从“int”转换到“char”需要收缩转换
D:\大三上\密码技术竞赛\zkp\zkp\SM2_Param.h(14,50): warning C4309: “初始化”: 截断常量值
D:\大三上\密码技术竞赛\zkp\zkp\SM2_Param.h(14,60): warning C4838: 从“int”转换到“char”需要收缩转换
D:\大三上\密码技术竞赛\zkp\zkp\SM2_Param.h(14,60): warning C4309: “初始化”: 截断常量值
D:\大三上\密码技术竞赛\zkp\zkp\SM2_Param.h(14,65): warning C4838: 从“int”转换到“char”需要收缩转换
D:\大三上\密码技术竞赛\zkp\zkp\SM2_Param.h(14,65): warning C4309: “初始化”: 截断常量值
D:\大三上\密码技术竞赛\zkp\zkp\SM2_Param.h(15,19): warning C4838: 从“int”转换到“char”需要收缩转换
D:\大三上\密码技术竞赛\zkp\zkp\SM2_Param.h(15,19): warning C4309: “初始化”: 截断常量值
D:\大三上\密码技术竞赛\zkp\zkp\SM2_Param.h(15,34): warning C4838: 从“int”转换到“char”需要收缩转换
D:\大三上\密码技术竞赛\zkp\zkp\SM2_Param.h(15,34): warning C4309: “初始化”: 截断常量值
D:\大三上\密码技术竞赛\zkp\zkp\SM2_Param.h(15,39): warning C4838: 从“int”转换到“char”需要收缩转换
D:\大三上\密码技术竞赛\zkp\zkp\SM2_Param.h(15,39): warning C4309: “初始化”: 截断常量值
D:\大三上\密码技术竞赛\zkp\zkp\SM2_Param.h(15,44): warning C4838: 从“int”转换到“char”需要收缩转换
D:\大三上\密码技术竞赛\zkp\zkp\SM2_Param.h(15,44): warning C4309: “初始化”: 截断常量值
D:\大三上\密码技术竞赛\zkp\zkp\SM2_Param.h(16,19): warning C4838: 从“int”转换到“char”需要收缩转换
D:\大三上\密码技术竞赛\zkp\zkp\SM2_Param.h(16,19): warning C4309: “初始化”: 截断常量值
D:\大三上\密码技术竞赛\zkp\zkp\SM2_Param.h(16,24): warning C4838: 从“int”转换到“char”需要收缩转换
D:\大三上\密码技术竞赛\zkp\zkp\SM2_Param.h(16,24): warning C4309: “初始化”: 截断常量值
D:\大三上\密码技术竞赛\zkp\zkp\SM2_Param.h(16,39): warning C4838: 从“int”转换到“char”需要收缩转换
D:\大三上\密码技术竞赛\zkp\zkp\SM2_Param.h(16,39): warning C4309: “初始化”: 截断常量值
D:\大三上\密码技术竞赛\zkp\zkp\SM2_Param.h(16,44): warning C4838: 从“int”转换到“char”需要收缩转换
D:\大三上\密码技术竞赛\zkp\zkp\SM2_Param.h(16,44): warning C4309: “初始化”: 截断常量值
D:\大三上\密码技术竞赛\zkp\zkp\SM2_Param.h(17,9): warning C4838: 从“int”转换到“char”需要收缩转换
D:\大三上\密码技术竞赛\zkp\zkp\SM2_Param.h(17,9): warning C4309: “初始化”: 截断常量值
D:\大三上\密码技术竞赛\zkp\zkp\SM2_Param.h(17,24): warning C4838: 从“int”转换到“char”需要收缩转换
D:\大三上\密码技术竞赛\zkp\zkp\SM2_Param.h(17,24): warning C4309: “初始化”: 截断常量值
D:\大三上\密码技术竞赛\zkp\zkp\SM2_Param.h(17,39): warning C4838: 从“int”转换到“char”需要收缩转换
D:\大三上\密码技术竞赛\zkp\zkp\SM2_Param.h(17,39): warning C4309: “初始化”: 截断常量值
D:\大三上\密码技术竞赛\zkp\zkp\SM2_Param.h(17,44): warning C4838: 从“int”转换到“char”需要收缩转换
D:\大三上\密码技术竞赛\zkp\zkp\SM2_Param.h(17,44): warning C4309: “初始化”: 截断常量值
D:\大三上\密码技术竞赛\zkp\zkp\SM2_Param.h(18,35): warning C4838: 从“int”转换到“char”需要收缩转换
D:\大三上\密码技术竞赛\zkp\zkp\SM2_Param.h(18,35): warning C4309: “初始化”: 截断常量值
D:\大三上\密码技术竞赛\zkp\zkp\SM2_Param.h(18,40): warning C4838: 从“int”转换到“char”需要收缩转换
D:\大三上\密码技术竞赛\zkp\zkp\SM2_Param.h(18,40): warning C4309: “初始化”: 截断常量值
D:\大三上\密码技术竞赛\zkp\zkp\SM2_Param.h(18,45): warning C4838: 从“int”转换到“char”需要收缩转换
D:\大三上\密码技术竞赛\zkp\zkp\SM2_Param.h(18,45): warning C4309: “初始化”: 截断常量值
D:\大三上\密码技术竞赛\zkp\zkp\SM2_Param.h(18,50): warning C4838: 从“int”转换到“char”需要收缩转换
D:\大三上\密码技术竞赛\zkp\zkp\SM2_Param.h(18,50): warning C4309: “初始化”: 截断常量值
D:\大三上\密码技术竞赛\zkp\zkp\SM2_Param.h(18,65): warning C4838: 从“int”转换到“char”需要收缩转换
D:\大三上\密码技术竞赛\zkp\zkp\SM2_Param.h(18,65): warning C4309: “初始化”: 截断常量值
D:\大三上\密码技术竞赛\zkp\zkp\SM2_Param.h(19,9): warning C4838: 从“int”转换到“char”需要收缩转换
D:\大三上\密码技术竞赛\zkp\zkp\SM2_Param.h(19,9): warning C4309: “初始化”: 截断常量值
D:\大三上\密码技术竞赛\zkp\zkp\SM2_Param.h(19,14): warning C4838: 从“int”转换到“char”需要收缩转换
D:\大三上\密码技术竞赛\zkp\zkp\SM2_Param.h(19,14): warning C4309: “初始化”: 截断常量值
D:\大三上\密码技术竞赛\zkp\zkp\SM2_Param.h(19,39): warning C4838: 从“int”转换到“char”需要收缩转换
D:\大三上\密码技术竞赛\zkp\zkp\SM2_Param.h(19,39): warning C4309: “初始化”: 截断常量值
D:\大三上\密码技术竞赛\zkp\zkp\SM2_Param.h(20,9): warning C4838: 从“int”转换到“char”需要收缩转换
D:\大三上\密码技术竞赛\zkp\zkp\SM2_Param.h(20,9): warning C4309: “初始化”: 截断常量值
D:\大三上\密码技术竞赛\zkp\zkp\SM2_Param.h(20,24): warning C4838: 从“int”转换到“char”需要收缩转换
D:\大三上\密码技术竞赛\zkp\zkp\SM2_Param.h(20,24): warning C4309: “初始化”: 截断常量值
D:\大三上\密码技术竞赛\zkp\zkp\SM2_Param.h(20,29): warning C4838: 从“int”转换到“char”需要收缩转换
D:\大三上\密码技术竞赛\zkp\zkp\SM2_Param.h(20,29): warning C4309: “初始化”: 截断常量值
D:\大三上\密码技术竞赛\zkp\zkp\SM2_Param.h(20,39): warning C4838: 从“int”转换到“char”需要收缩转换
D:\大三上\密码技术竞赛\zkp\zkp\SM2_Param.h(20,39): warning C4309: “初始化”: 截断常量值
D:\大三上\密码技术竞赛\zkp\zkp\SM2_Param.h(21,19): warning C4838: 从“int”转换到“char”需要收缩转换
D:\大三上\密码技术竞赛\zkp\zkp\SM2_Param.h(21,19): warning C4309: “初始化”: 截断常量值
D:\大三上\密码技术竞赛\zkp\zkp\SM2_Param.h(21,24): warning C4838: 从“int”转换到“char”需要收缩转换
D:\大三上\密码技术竞赛\zkp\zkp\SM2_Param.h(21,24): warning C4309: “初始化”: 截断常量值
D:\大三上\密码技术竞赛\zkp\zkp\SM2_Param.h(21,34): warning C4838: 从“int”转换到“char”需要收缩转换
D:\大三上\密码技术竞赛\zkp\zkp\SM2_Param.h(21,34): warning C4309: “初始化”: 截断常量值
D:\大三上\密码技术竞赛\zkp\zkp\SM2_Param.h(21,44): warning C4838: 从“int”转换到“char”需要收缩转换
D:\大三上\密码技术竞赛\zkp\zkp\SM2_Param.h(21,44): warning C4309: “初始化”: 截断常量值
D:\大三上\密码技术竞赛\zkp\zkp\SM2_Param.h(22,41): warning C4838: 从“int”转换到“char”需要收缩转换
D:\大三上\密码技术竞赛\zkp\zkp\SM2_Param.h(22,41): warning C4309: “初始化”: 截断常量值
D:\大三上\密码技术竞赛\zkp\zkp\SM2_Param.h(22,46): warning C4838: 从“int”转换到“char”需要收缩转换
D:\大三上\密码技术竞赛\zkp\zkp\SM2_Param.h(22,46): warning C4309: “初始化”: 截断常量值
D:\大三上\密码技术竞赛\zkp\zkp\SM2_Param.h(22,61): warning C4838: 从“int”转换到“char”需要收缩转换
D:\大三上\密码技术竞赛\zkp\zkp\SM2_Param.h(22,61): warning C4309: “初始化”: 截断常量值
D:\大三上\密码技术竞赛\zkp\zkp\SM2_Param.h(22,66): warning C4838: 从“int”转换到“char”需要收缩转换
D:\大三上\密码技术竞赛\zkp\zkp\SM2_Param.h(22,66): warning C4309: “初始化”: 截断常量值
D:\大三上\密码技术竞赛\zkp\zkp\SM2_Param.h(23,25): warning C4838: 从“int”转换到“char”需要收缩转换
D:\大三上\密码技术竞赛\zkp\zkp\SM2_Param.h(23,25): warning C4309: “初始化”: 截断常量值
D:\大三上\密码技术竞赛\zkp\zkp\SM2_Param.h(23,30): warning C4838: 从“int”转换到“char”需要收缩转换
D:\大三上\密码技术竞赛\zkp\zkp\SM2_Param.h(23,30): warning C4309: “初始化”: 截断常量值
D:\大三上\密码技术竞赛\zkp\zkp\SM2_Param.h(23,35): warning C4838: 从“int”转换到“char”需要收缩转换
D:\大三上\密码技术竞赛\zkp\zkp\SM2_Param.h(23,35): warning C4309: “初始化”: 截断常量值
D:\大三上\密码技术竞赛\zkp\zkp\SM2_Param.h(24,30): warning C4838: 从“int”转换到“char”需要收缩转换
D:\大三上\密码技术竞赛\zkp\zkp\SM2_Param.h(24,30): warning C4309: “初始化”: 截断常量值
D:\大三上\密码技术竞赛\zkp\zkp\SM2_Param.h(24,35): warning C4838: 从“int”转换到“char”需要收缩转换
D:\大三上\密码技术竞赛\zkp\zkp\SM2_Param.h(24,35): warning C4309: “初始化”: 截断常量值
D:\大三上\密码技术竞赛\zkp\zkp\SM2_Param.h(24,45): warning C4838: 从“int”转换到“char”需要收缩转换
D:\大三上\密码技术竞赛\zkp\zkp\SM2_Param.h(24,45): warning C4309: “初始化”: 截断常量值
D:\大三上\密码技术竞赛\zkp\zkp\SM2_Param.h(25,35): warning C4838: 从“int”转换到“char”需要收缩转换
D:\大三上\密码技术竞赛\zkp\zkp\SM2_Param.h(25,35): warning C4309: “初始化”: 截断常量值
D:\大三上\密码技术竞赛\zkp\zkp\SM2_Param.h(25,40): warning C4838: 从“int”转换到“char”需要收缩转换
D:\大三上\密码技术竞赛\zkp\zkp\SM2_Param.h(25,40): warning C4309: “初始化”: 截断常量值
D:\大三上\密码技术竞赛\zkp\zkp\SM2_Param.h(26,36): warning C4838: 从“int”转换到“char”需要收缩转换
D:\大三上\密码技术竞赛\zkp\zkp\SM2_Param.h(26,36): warning C4309: “初始化”: 截断常量值
D:\大三上\密码技术竞赛\zkp\zkp\SM2_Param.h(26,51): warning C4838: 从“int”转换到“char”需要收缩转换
D:\大三上\密码技术竞赛\zkp\zkp\SM2_Param.h(26,51): warning C4309: “初始化”: 截断常量值
D:\大三上\密码技术竞赛\zkp\zkp\SM2_Param.h(26,56): warning C4838: 从“int”转换到“char”需要收缩转换
D:\大三上\密码技术竞赛\zkp\zkp\SM2_Param.h(26,56): warning C4309: “初始化”: 截断常量值
D:\大三上\密码技术竞赛\zkp\zkp\SM2_Param.h(27,10): warning C4838: 从“int”转换到“char”需要收缩转换
D:\大三上\密码技术竞赛\zkp\zkp\SM2_Param.h(27,10): warning C4309: “初始化”: 截断常量值
D:\大三上\密码技术竞赛\zkp\zkp\SM2_Param.h(27,25): warning C4838: 从“int”转换到“char”需要收缩转换
D:\大三上\密码技术竞赛\zkp\zkp\SM2_Param.h(27,25): warning C4309: “初始化”: 截断常量值
D:\大三上\密码技术竞赛\zkp\zkp\SM2_Param.h(27,45): warning C4838: 从“int”转换到“char”需要收缩转换
D:\大三上\密码技术竞赛\zkp\zkp\SM2_Param.h(27,45): warning C4309: “初始化”: 截断常量值
D:\大三上\密码技术竞赛\zkp\zkp\SM2_Param.h(28,10): warning C4838: 从“int”转换到“char”需要收缩转换
D:\大三上\密码技术竞赛\zkp\zkp\SM2_Param.h(28,10): warning C4309: “初始化”: 截断常量值
D:\大三上\密码技术竞赛\zkp\zkp\SM2_Param.h(28,15): warning C4838: 从“int”转换到“char”需要收缩转换
D:\大三上\密码技术竞赛\zkp\zkp\SM2_Param.h(28,15): warning C4309: “初始化”: 截断常量值
D:\大三上\密码技术竞赛\zkp\zkp\SM2_Param.h(28,20): warning C4838: 从“int”转换到“char”需要收缩转换
D:\大三上\密码技术竞赛\zkp\zkp\SM2_Param.h(28,20): warning C4309: “初始化”: 截断常量值
D:\大三上\密码技术竞赛\zkp\zkp\SM2_Param.h(28,25): warning C4838: 从“int”转换到“char”需要收缩转换
D:\大三上\密码技术竞赛\zkp\zkp\SM2_Param.h(28,25): warning C4309: “初始化”: 截断常量值
D:\大三上\密码技术竞赛\zkp\zkp\SM2_Param.h(28,30): warning C4838: 从“int”转换到“char”需要收缩转换
D:\大三上\密码技术竞赛\zkp\zkp\SM2_Param.h(28,30): warning C4309: “初始化”: 截断常量值
D:\大三上\密码技术竞赛\zkp\zkp\SM2_Param.h(28,35): warning C4838: 从“int”转换到“char”需要收缩转换
D:\大三上\密码技术竞赛\zkp\zkp\SM2_Param.h(28,35): warning C4309: “初始化”: 截断常量值
D:\大三上\密码技术竞赛\zkp\zkp\SM2_Param.h(28,45): warning C4838: 从“int”转换到“char”需要收缩转换
D:\大三上\密码技术竞赛\zkp\zkp\SM2_Param.h(28,45): warning C4309: “初始化”: 截断常量值
D:\大三上\密码技术竞赛\zkp\zkp\SM2_Param.h(29,10): warning C4838: 从“int”转换到“char”需要收缩转换
D:\大三上\密码技术竞赛\zkp\zkp\SM2_Param.h(29,10): warning C4309: “初始化”: 截断常量值
D:\大三上\密码技术竞赛\zkp\zkp\SM2_Param.h(29,25): warning C4838: 从“int”转换到“char”需要收缩转换
D:\大三上\密码技术竞赛\zkp\zkp\SM2_Param.h(29,25): warning C4309: “初始化”: 截断常量值
D:\大三上\密码技术竞赛\zkp\zkp\SM2_Param.h(29,30): warning C4838: 从“int”转换到“char”需要收缩转换
D:\大三上\密码技术竞赛\zkp\zkp\SM2_Param.h(29,30): warning C4309: “初始化”: 截断常量值
D:\大三上\密码技术竞赛\zkp\zkp\SM2_Param.h(29,45): warning C4838: 从“int”转换到“char”需要收缩转换
D:\大三上\密码技术竞赛\zkp\zkp\SM2_Param.h(29,45): warning C4309: “初始化”: 截断常量值
D:\大三上\密码技术竞赛\zkp\zkp\SM2_Param.h(30,35): warning C4838: 从“int”转换到“char”需要收缩转换
D:\大三上\密码技术竞赛\zkp\zkp\SM2_Param.h(30,35): warning C4309: “初始化”: 截断常量值
D:\大三上\密码技术竞赛\zkp\zkp\SM2_Param.h(30,45): warning C4838: 从“int”转换到“char”需要收缩转换
D:\大三上\密码技术竞赛\zkp\zkp\SM2_Param.h(30,45): warning C4309: “初始化”: 截断常量值
D:\大三上\密码技术竞赛\zkp\zkp\SM2_Param.h(30,50): warning C4838: 从“int”转换到“char”需要收缩转换
D:\大三上\密码技术竞赛\zkp\zkp\SM2_Param.h(30,50): warning C4309: “初始化”: 截断常量值
D:\大三上\密码技术竞赛\zkp\zkp\SM2_Param.h(31,11): warning C4838: 从“int”转换到“char”需要收缩转换
D:\大三上\密码技术竞赛\zkp\zkp\SM2_Param.h(31,11): warning C4309: “初始化”: 截断常量值
D:\大三上\密码技术竞赛\zkp\zkp\SM2_Param.h(31,16): warning C4838: 从“int”转换到“char”需要收缩转换
D:\大三上\密码技术竞赛\zkp\zkp\SM2_Param.h(31,16): warning C4309: “初始化”: 截断常量值
D:\大三上\密码技术竞赛\zkp\zkp\SM2_Param.h(31,31): warning C4838: 从“int”转换到“char”需要收缩转换
D:\大三上\密码技术竞赛\zkp\zkp\SM2_Param.h(31,31): warning C4309: “初始化”: 截断常量值
D:\大三上\密码技术竞赛\zkp\zkp\SM2_Param.h(31,41): warning C4838: 从“int”转换到“char”需要收缩转换
D:\大三上\密码技术竞赛\zkp\zkp\SM2_Param.h(31,41): warning C4309: “初始化”: 截断常量值
D:\大三上\密码技术竞赛\zkp\zkp\SM2_Param.h(31,46): warning C4838: 从“int”转换到“char”需要收缩转换
D:\大三上\密码技术竞赛\zkp\zkp\SM2_Param.h(31,46): warning C4309: “初始化”: 截断常量值
D:\大三上\密码技术竞赛\zkp\zkp\SM2_Param.h(32,36): warning C4838: 从“int”转换到“char”需要收缩转换
D:\大三上\密码技术竞赛\zkp\zkp\SM2_Param.h(32,36): warning C4309: “初始化”: 截断常量值
D:\大三上\密码技术竞赛\zkp\zkp\SM2_Param.h(32,46): warning C4838: 从“int”转换到“char”需要收缩转换
D:\大三上\密码技术竞赛\zkp\zkp\SM2_Param.h(32,46): warning C4309: “初始化”: 截断常量值
D:\大三上\密码技术竞赛\zkp\zkp\SM2_Param.h(33,16): warning C4838: 从“int”转换到“char”需要收缩转换
D:\大三上\密码技术竞赛\zkp\zkp\SM2_Param.h(33,16): warning C4309: “初始化”: 截断常量值
D:\大三上\密码技术竞赛\zkp\zkp\SM2_Param.h(33,26): warning C4838: 从“int”转换到“char”需要收缩转换
D:\大三上\密码技术竞赛\zkp\zkp\SM2_Param.h(33,26): warning C4309: “初始化”: 截断常量值
D:\大三上\密码技术竞赛\zkp\zkp\SM2_Param.h(33,31): warning C4838: 从“int”转换到“char”需要收缩转换
D:\大三上\密码技术竞赛\zkp\zkp\SM2_Param.h(33,31): warning C4309: “初始化”: 截断常量值
D:\大三上\密码技术竞赛\zkp\zkp\SM2_Param.h(33,46): warning C4838: 从“int”转换到“char”需要收缩转换
D:\大三上\密码技术竞赛\zkp\zkp\SM2_Param.h(33,46): warning C4309: “初始化”: 截断常量值
D:\大三上\密码技术竞赛\zkp\zkp\main.cpp(8,28): warning C4244: “参数”: 从“unsigned __int64”转换到“unsigned int”，可能丢失数据
LINK : warning LNK4098: 默认库“LIBCMT”与其他库的使用冲突；请使用 /NODEFAULTLIB:library
  zkp.vcxproj -> D:\大三上\密码技术竞赛\zkp\Debug\zkp.exe
